<?xml version="1.0" encoding="UTF-8"?>
<!-- Generated by org.testng.reporters.JUnitReportReporter -->
<testsuite hostname="AnilsLappy" failures="0" tests="1" name="testRunner.runner" time="6.638" errors="0" timestamp="04 May 2020 00:33:08 GMT" skipped="0">
  <testcase classname="testRunner.runner" name="feature" time="6.638"/>
</testsuite> <!-- testRunner.runner -->
