<?xml version="1.0" encoding="UTF-8"?>
<!-- Generated by org.testng.reporters.JUnitReportReporter -->
<testsuite hostname="AnilsLappy" failures="0" tests="1" name="stepDefinitions.steps" time="6.713" errors="0" timestamp="03 May 2020 23:48:30 GMT" skipped="0">
  <testcase classname="stepDefinitions.steps" name="feature" time="6.713"/>
</testsuite> <!-- stepDefinitions.steps -->
