<?xml version="1.0" encoding="UTF-8"?>
<!-- Generated by org.testng.reporters.JUnitReportReporter -->
<testsuite hostname="AnilsLappy" failures="0" tests="1" name="testRunner.runner" time="2.715" errors="0" timestamp="07 May 2020 03:05:02 GMT" skipped="0">
  <testcase classname="testRunner.runner" name="feature" time="2.715"/>
</testsuite> <!-- testRunner.runner -->
